0 info it worked if it ends with ok
1 verbose cli [ 'C:\\Program Files\\nodejs\\node.exe',
1 verbose cli   'C:\\Program Files\\nodejs\\node_modules\\npm\\bin\\npm-cli.js',
1 verbose cli   'start' ]
2 info using npm@2.15.8
3 info using node@v4.4.7
4 verbose config Skipping project config: C:\Users\vinicius.nunes/.npmrc. (matches userconfig)
5 verbose stack Error: ENOENT: no such file or directory, open 'C:\Users\vinicius.nunes\package.json'
5 verbose stack     at Error (native)
6 verbose cwd C:\Users\vinicius.nunes\Desktop\Projetos\Projeto-HelpDesk
7 error Windows_NT 10.0.10586
8 error argv "C:\\Program Files\\nodejs\\node.exe" "C:\\Program Files\\nodejs\\node_modules\\npm\\bin\\npm-cli.js" "start"
9 error node v4.4.7
10 error npm  v2.15.8
11 error path C:\Users\vinicius.nunes\package.json
12 error code ENOENT
13 error errno -4058
14 error syscall open
15 error enoent ENOENT: no such file or directory, open 'C:\Users\vinicius.nunes\package.json'
15 error enoent This is most likely not a problem with npm itself
15 error enoent and is related to npm not being able to find a file.
16 verbose exit [ -4058, true ]
